#
# A fatal error has been detected by the Java Runtime Environment:
#
#  SIGSEGV (0xb) at pc=0x0000000000010eba, pid=7466, tid=13059
#
# JRE version: Java(TM) SE Runtime Environment (11.0.2+9) (build 11.0.2+9-LTS)
# Java VM: Java HotSpot(TM) 64-Bit Server VM (11.0.2+9-LTS, mixed mode, tiered, compressed oops, g1 gc, bsd-amd64)
# Problematic frame:
# C  0x0000000000010eba
#
# No core dump will be written. Core dumps have been disabled. To enable core dumping, try "ulimit -c unlimited" before starting Java again
#
# If you would like to submit a bug report, please visit:
#   http://bugreport.java.com/bugreport/crash.jsp
#

---------------  S U M M A R Y ------------

Command Line: -agentlib:jdwp=transport=dt_socket,suspend=y,address=localhost:60890 -javaagent:/Users/paigeleary/eclipse/java-2018-12/Eclipse.app/Contents/Eclipse/configuration/org.eclipse.osgi/215/0/.cp/lib/javaagent-shaded.jar -Dfile.encoding=UTF-8 com.paigeleary.handson1.HandsOn

Host: MacBookAir7,2 x86_64 1600 MHz, 4 cores, 8G, Darwin 18.2.0
Time: Sat Jan 26 17:04:44 2019 EST elapsed time: 199 seconds (0d 0h 3m 19s)

---------------  T H R E A D  ---------------

Current thread (0x00007fe8b8016000):  VMThread "VM Thread" [stack: 0x0000700003c95000,0x0000700003d95000] [id=13059]

Stack: [0x0000700003c95000,0x0000700003d95000],  sp=0x0000700003d949d8,  free space=1022k
Native frames: (J=compiled Java code, A=aot compiled Java code, j=interpreted, Vv=VM code, C=native code)
C  0x0000000000010eba
V  [libjvm.dylib+0x6f0c39]  Threads::java_threads_do(ThreadClosure*)+0x47
V  [libjvm.dylib+0x6f26c7]  Threads::metadata_handles_do(void (*)(Metadata*))+0x23
V  [libjvm.dylib+0x5a1a5a]  MetadataOnStackMark::MetadataOnStackMark(bool)+0x14
V  [libjvm.dylib+0x4c76a7]  VM_RedefineClasses::doit()+0x45
V  [libjvm.dylib+0x748845]  VM_Operation::evaluate()+0xd5
V  [libjvm.dylib+0x747e5c]  VMThread::evaluate_operation(VM_Operation*)+0x13a
V  [libjvm.dylib+0x7478a9]  VMThread::loop()+0xed
V  [libjvm.dylib+0x7476ce]  VMThread::run()+0x76
V  [libjvm.dylib+0x5f0da3]  thread_native_entry(Thread*)+0x135
C  [libsystem_pthread.dylib+0x3305]  _pthread_body+0x7e
C  [libsystem_pthread.dylib+0x626f]  _pthread_start+0x46
C  [libsystem_pthread.dylib+0x2415]  thread_start+0xd


siginfo: si_signo: 11 (SIGSEGV), si_code: 1 (SEGV_MAPERR), si_addr: 0x0000000000010eba

Register to memory mapping:

RAX=0x0000000000010eba is an unknown value
RBX=0x0 is NULL
RCX=0x000000010ef47930: _ZN15JfrEventSetting19_jvm_event_settingsE+0 in /Library/Java/JavaVirtualMachines/jdk-11.0.2.jdk/Contents/Home/lib/server/libjvm.dylib at 0x000000010e600000
RDX=0x0 is NULL
RSP=0x0000700003d949d8 points into unknown readable memory: 2d 37 cf 0e 01 00 00 00
RBP=0x0000700003d94a00 points into unknown readable memory: 30 4a d9 03 00 70 00 00
RSI=0x0000000000000001 is an unknown value
RDI=0x000000012e5c6ee0 is pointing into metadata
R8 =0x000000000000001d is an unknown value
R9 =0x000000010dc12a00 points into unknown readable memory: 00 00 00 00 00 00 00 00
R10=0x0000000000000a00 is an unknown value
R11=0x00007fe8b6c4b960 points into unknown readable memory: 00 00 00 00 00 00 00 00
R12=0x0000000000000060 is an unknown value
R13=0x0 is NULL
R14=0x00007fe8b7803000 is a thread
R15=0x000000010eba1aa0: _ZN8Metadata13mark_on_stackEPS_+0 in /Library/Java/JavaVirtualMachines/jdk-11.0.2.jdk/Contents/Home/lib/server/libjvm.dylib at 0x000000010e600000


Registers:
RAX=0x0000000000010eba, RBX=0x0000000000000000, RCX=0x000000010ef47930, RDX=0x0000000000000000
RSP=0x0000700003d949d8, RBP=0x0000700003d94a00, RSI=0x0000000000000001, RDI=0x000000012e5c6ee0
R8 =0x000000000000001d, R9 =0x000000010dc12a00, R10=0x0000000000000a00, R11=0x00007fe8b6c4b960
R12=0x0000000000000060, R13=0x0000000000000000, R14=0x00007fe8b7803000, R15=0x000000010eba1aa0
RIP=0x0000000000010eba, EFLAGS=0x0000000000010246, ERR=0x0000000000000014
  TRAPNO=0x000000000000000e

Top of Stack: (sp=0x0000700003d949d8)
0x0000700003d949d8:   000000010ecf372d 000000010ef22ea8
0x0000700003d949e8:   00007fe8b6d56d38 0000000000000240
0x0000700003d949f8:   0000700003d94a48 0000700003d94a30
0x0000700003d94a08:   000000010ecf0c39 0000700003d94a48
0x0000700003d94a18:   000000010ef391b0 00007fe8b8016000
0x0000700003d94a28:   00007000045ac9e0 0000700003d94a60
0x0000700003d94a38:   000000010ecf26c7 0000000000000000
0x0000700003d94a48:   000000010ef22ea8 000000010eba1aa0
0x0000700003d94a58:   0000000000000001 0000700003d94a80
0x0000700003d94a68:   000000010eba1a5a 000000010ef01ee9
0x0000700003d94a78:   00007000045ac9e0 0000700003d94b10
0x0000700003d94a88:   000000010eac76a7 000000010ef21b38
0x0000700003d94a98:   000000010ef7e818 0000700003d94ab8
0x0000700003d94aa8:   0000000100000001 0000700003d94ab8
0x0000700003d94ab8:   0000000200000002 0000000100000000
0x0000700003d94ac8:   00007fe800000001 0000700003d94c60
0x0000700003d94ad8:   000000000000000c 0000000000000000
0x0000700003d94ae8:   0000000000000000 00007000045ac9e0
0x0000700003d94af8:   000000010ef391b0 000000010edbe4d8
0x0000700003d94b08:   000000000000000f 0000700003d94c10
0x0000700003d94b18:   000000010ed48845 0000700003d94d30
0x0000700003d94b28:   00007fe8b6f05ef0 00007fe8b6c08130
0x0000700003d94b38:   00007fe8b6c08140 00007fe8b6c08518
0x0000700003d94b48:   00000000000003d8 0000000000000000
0x0000700003d94b58:   1941c10079be0023 0000000000000000
0x0000700003d94b68:   0000000000000000 0000700003d94d00
0x0000700003d94b78:   000000010ef59bd8 0000700003d94ba0
0x0000700003d94b88:   000000010eee04a8 00007fe8b6f03800
0x0000700003d94b98:   0000000400000000 0000000000000000
0x0000700003d94ba8:   000000000000000c 0000000000000000
0x0000700003d94bb8:   0000000000000000 00007fe8b8016000
0x0000700003d94bc8:   00007fe8b6d56490 0000700003d94be0 

Instructions: (pc=0x0000000000010eba)
0x0000000000010e9a:   
[error occurred during error reporting (printing registers, top of stack, instructions near pc), id 0xb, SIGSEGV (0xb) at pc=0x000000010ebed83c]

Stack slot to memory mapping:
stack at sp + 0 slots: 0x000000010ecf372d: _ZN20ThreadHandlesClosure9do_threadEP6Thread+0x2f in /Library/Java/JavaVirtualMachines/jdk-11.0.2.jdk/Contents/Home/lib/server/libjvm.dylib at 0x000000010e600000
stack at sp + 1 slots: 0x000000010ef22ea8: _ZTV20ThreadHandlesClosure+0x10 in /Library/Java/JavaVirtualMachines/jdk-11.0.2.jdk/Contents/Home/lib/server/libjvm.dylib at 0x000000010e600000
stack at sp + 2 slots: 0x00007fe8b6d56d38 points into unknown readable memory: 00 78 82 b7 e8 7f 00 00
stack at sp + 3 slots: 0x0000000000000240 is an unknown value
stack at sp + 4 slots: 0x0000700003d94a48 points into unknown readable memory: a8 2e f2 0e 01 00 00 00
stack at sp + 5 slots: 0x0000700003d94a30 points into unknown readable memory: 60 4a d9 03 00 70 00 00
stack at sp + 6 slots: 0x000000010ecf0c39: _ZN7Threads15java_threads_doEP13ThreadClosure+0x47 in /Library/Java/JavaVirtualMachines/jdk-11.0.2.jdk/Contents/Home/lib/server/libjvm.dylib at 0x000000010e600000
stack at sp + 7 slots: 0x0000700003d94a48 points into unknown readable memory: a8 2e f2 0e 01 00 00 00

VM_Operation (0x00007000045ac9e0): RedefineClasses, mode: safepoint, requested by thread 0x00007fe8b7065800


---------------  P R O C E S S  ---------------

Threads class SMR info:
_java_thread_list=0x00007fe8b6d56490, length=12, elements={
0x00007fe8b7803000, 0x00007fe8b7827800, 0x00007fe8b801a800, 0x00007fe8b782c000,
0x00007fe8b782c800, 0x00007fe8b782d800, 0x00007fe8b782e800, 0x00007fe8b886b800,
0x00007fe8b7065800, 0x00007fe8b80af000, 0x00007fe8b8865000, 0x00007fe8b7102800
}

Java Threads: ( => current thread )
  0x00007fe8b7803000 JavaThread "main" [_thread_blocked, id=9219, stack(0x0000700003683000,0x0000700003783000)]
  0x00007fe8b7827800 JavaThread "Reference Handler" daemon [_thread_blocked, id=18179, stack(0x0000700003d98000,0x0000700003e98000)]
  0x00007fe8b801a800 JavaThread "Finalizer" daemon [_thread_blocked, id=17923, stack(0x0000700003e9b000,0x0000700003f9b000)]
  0x00007fe8b782c000 JavaThread "Signal Dispatcher" daemon [_thread_blocked, id=16131, stack(0x0000700003f9e000,0x000070000409e000)]
  0x00007fe8b782c800 JavaThread "C2 CompilerThread0" daemon [_thread_blocked, id=15619, stack(0x00007000040a1000,0x00007000041a1000)]
  0x00007fe8b782d800 JavaThread "C1 CompilerThread0" daemon [_thread_blocked, id=15107, stack(0x00007000041a4000,0x00007000042a4000)]
  0x00007fe8b782e800 JavaThread "Sweeper thread" daemon [_thread_blocked, id=43011, stack(0x00007000042a7000,0x00007000043a7000)]
  0x00007fe8b886b800 JavaThread "Common-Cleaner" daemon [_thread_blocked, id=42243, stack(0x00007000043aa000,0x00007000044aa000)]
  0x00007fe8b7065800 JavaThread "JDWP Transport Listener: dt_socket" daemon [_thread_blocked, id=22275, stack(0x00007000044ad000,0x00007000045ad000)]
  0x00007fe8b80af000 JavaThread "JDWP Event Helper Thread" daemon [_thread_blocked, id=22787, stack(0x00007000045b0000,0x00007000046b0000)]
  0x00007fe8b8865000 JavaThread "JDWP Command Reader" daemon [_thread_in_native, id=41219, stack(0x00007000046b3000,0x00007000047b3000)]
  0x00007fe8b7102800 JavaThread "Service Thread" daemon [_thread_blocked, id=23555, stack(0x00007000047b6000,0x00007000048b6000)]

Other Threads:
=>0x00007fe8b8016000 VMThread "VM Thread" [stack: 0x0000700003c95000,0x0000700003d95000] [id=13059]
  0x00007fe8b80a4000 WatcherThread [stack: 0x00007000048b9000,0x00007000049b9000] [id=24067]
  0x00007fe8b8804800 GCTaskThread "GC Thread#0" [stack: 0x0000700003786000,0x0000700003886000] [id=20483]
  0x00007fe8b8835800 ConcurrentGCThread "G1 Main Marker" [stack: 0x0000700003889000,0x0000700003989000] [id=11779]
  0x00007fe8b8836000 ConcurrentGCThread "G1 Conc#0" [stack: 0x000070000398c000,0x0000700003a8c000] [id=12291]
  0x00007fe8b704d800 ConcurrentGCThread "G1 Refine#0" [stack: 0x0000700003a8f000,0x0000700003b8f000] [id=12547]
  0x00007fe8b704e800 ConcurrentGCThread "G1 Young RemSet Sampling" [stack: 0x0000700003b92000,0x0000700003c92000] [id=19203]

Threads with active compile tasks:
C1 CompilerThread0 371       3       org.eclipse.jdt.launching.internal.org.objectweb.asm.ByteVector::putShort (52 bytes)

VM state:at safepoint (normal execution)

VM Mutex/Monitor currently owned by a thread:  ([mutex/lock_event])
[0x00007fe8b6f03880] Threads_lock - owner thread: 0x00007fe8b8016000

Heap address: 0x0000000780000000, size: 2048 MB, Compressed Oops mode: Zero based, Oop shift amount: 3
Narrow klass base: 0x0000000800000000, Narrow klass shift: 0
Compressed class space size: 1073741824 Address: 0x0000000800000000

Heap:
 garbage-first heap   total 131072K, used 4096K [0x0000000780000000, 0x0000000800000000)
  region size 1024K, 5 young (5120K), 0 survivors (0K)
 Metaspace       used 8707K, capacity 8803K, committed 9088K, reserved 1056768K
  class space    used 762K, capacity 802K, committed 896K, reserved 1048576K
Heap Regions: E=young(eden), S=young(survivor), O=old, HS=humongous(starts), HC=humongous(continues), CS=collection set, F=free, A=archive, TAMS=top-at-mark-start (previous, next)
|   0|0x0000000780000000, 0x0000000780000000, 0x0000000780100000|  0%| F|  |TAMS 0x0000000780000000, 0x0000000780000000| Untracked 
|   1|0x0000000780100000, 0x0000000780100000, 0x0000000780200000|  0%| F|  |TAMS 0x0000000780100000, 0x0000000780100000| Untracked 
|   2|0x0000000780200000, 0x0000000780200000, 0x0000000780300000|  0%| F|  |TAMS 0x0000000780200000, 0x0000000780200000| Untracked 
|   3|0x0000000780300000, 0x0000000780300000, 0x0000000780400000|  0%| F|  |TAMS 0x0000000780300000, 0x0000000780300000| Untracked 
|   4|0x0000000780400000, 0x0000000780400000, 0x0000000780500000|  0%| F|  |TAMS 0x0000000780400000, 0x0000000780400000| Untracked 
|   5|0x0000000780500000, 0x0000000780500000, 0x0000000780600000|  0%| F|  |TAMS 0x0000000780500000, 0x0000000780500000| Untracked 
|   6|0x0000000780600000, 0x0000000780600000, 0x0000000780700000|  0%| F|  |TAMS 0x0000000780600000, 0x0000000780600000| Untracked 
|   7|0x0000000780700000, 0x0000000780700000, 0x0000000780800000|  0%| F|  |TAMS 0x0000000780700000, 0x0000000780700000| Untracked 
|   8|0x0000000780800000, 0x0000000780800000, 0x0000000780900000|  0%| F|  |TAMS 0x0000000780800000, 0x0000000780800000| Untracked 
|   9|0x0000000780900000, 0x0000000780900000, 0x0000000780a00000|  0%| F|  |TAMS 0x0000000780900000, 0x0000000780900000| Untracked 
|  10|0x0000000780a00000, 0x0000000780a00000, 0x0000000780b00000|  0%| F|  |TAMS 0x0000000780a00000, 0x0000000780a00000| Untracked 
|  11|0x0000000780b00000, 0x0000000780b00000, 0x0000000780c00000|  0%| F|  |TAMS 0x0000000780b00000, 0x0000000780b00000| Untracked 
|  12|0x0000000780c00000, 0x0000000780c00000, 0x0000000780d00000|  0%| F|  |TAMS 0x0000000780c00000, 0x0000000780c00000| Untracked 
|  13|0x0000000780d00000, 0x0000000780d00000, 0x0000000780e00000|  0%| F|  |TAMS 0x0000000780d00000, 0x0000000780d00000| Untracked 
|  14|0x0000000780e00000, 0x0000000780e00000, 0x0000000780f00000|  0%| F|  |TAMS 0x0000000780e00000, 0x0000000780e00000| Untracked 
|  15|0x0000000780f00000, 0x0000000780f00000, 0x0000000781000000|  0%| F|  |TAMS 0x0000000780f00000, 0x0000000780f00000| Untracked 
|  16|0x0000000781000000, 0x0000000781000000, 0x0000000781100000|  0%| F|  |TAMS 0x0000000781000000, 0x0000000781000000| Untracked 
|  17|0x0000000781100000, 0x0000000781100000, 0x0000000781200000|  0%| F|  |TAMS 0x0000000781100000, 0x0000000781100000| Untracked 
|  18|0x0000000781200000, 0x0000000781200000, 0x0000000781300000|  0%| F|  |TAMS 0x0000000781200000, 0x0000000781200000| Untracked 
|  19|0x0000000781300000, 0x0000000781300000, 0x0000000781400000|  0%| F|  |TAMS 0x0000000781300000, 0x0000000781300000| Untracked 
|  20|0x0000000781400000, 0x0000000781400000, 0x0000000781500000|  0%| F|  |TAMS 0x0000000781400000, 0x0000000781400000| Untracked 
|  21|0x0000000781500000, 0x0000000781500000, 0x0000000781600000|  0%| F|  |TAMS 0x0000000781500000, 0x0000000781500000| Untracked 
|  22|0x0000000781600000, 0x0000000781600000, 0x0000000781700000|  0%| F|  |TAMS 0x0000000781600000, 0x0000000781600000| Untracked 
|  23|0x0000000781700000, 0x0000000781700000, 0x0000000781800000|  0%| F|  |TAMS 0x0000000781700000, 0x0000000781700000| Untracked 
|  24|0x0000000781800000, 0x0000000781800000, 0x0000000781900000|  0%| F|  |TAMS 0x0000000781800000, 0x0000000781800000| Untracked 
|  25|0x0000000781900000, 0x0000000781900000, 0x0000000781a00000|  0%| F|  |TAMS 0x0000000781900000, 0x0000000781900000| Untracked 
|  26|0x0000000781a00000, 0x0000000781a00000, 0x0000000781b00000|  0%| F|  |TAMS 0x0000000781a00000, 0x0000000781a00000| Untracked 
|  27|0x0000000781b00000, 0x0000000781b00000, 0x0000000781c00000|  0%| F|  |TAMS 0x0000000781b00000, 0x0000000781b00000| Untracked 
|  28|0x0000000781c00000, 0x0000000781c00000, 0x0000000781d00000|  0%| F|  |TAMS 0x0000000781c00000, 0x0000000781c00000| Untracked 
|  29|0x0000000781d00000, 0x0000000781d00000, 0x0000000781e00000|  0%| F|  |TAMS 0x0000000781d00000, 0x0000000781d00000| Untracked 
|  30|0x0000000781e00000, 0x0000000781e00000, 0x0000000781f00000|  0%| F|  |TAMS 0x0000000781e00000, 0x0000000781e00000| Untracked 
|  31|0x0000000781f00000, 0x0000000781f00000, 0x0000000782000000|  0%| F|  |TAMS 0x0000000781f00000, 0x0000000781f00000| Untracked 
|  32|0x0000000782000000, 0x0000000782000000, 0x0000000782100000|  0%| F|  |TAMS 0x0000000782000000, 0x0000000782000000| Untracked 
|  33|0x0000000782100000, 0x0000000782100000, 0x0000000782200000|  0%| F|  |TAMS 0x0000000782100000, 0x0000000782100000| Untracked 
|  34|0x0000000782200000, 0x0000000782200000, 0x0000000782300000|  0%| F|  |TAMS 0x0000000782200000, 0x0000000782200000| Untracked 
|  35|0x0000000782300000, 0x0000000782300000, 0x0000000782400000|  0%| F|  |TAMS 0x0000000782300000, 0x0000000782300000| Untracked 
|  36|0x0000000782400000, 0x0000000782400000, 0x0000000782500000|  0%| F|  |TAMS 0x0000000782400000, 0x0000000782400000| Untracked 
|  37|0x0000000782500000, 0x0000000782500000, 0x0000000782600000|  0%| F|  |TAMS 0x0000000782500000, 0x0000000782500000| Untracked 
|  38|0x0000000782600000, 0x0000000782600000, 0x0000000782700000|  0%| F|  |TAMS 0x0000000782600000, 0x0000000782600000| Untracked 
|  39|0x0000000782700000, 0x0000000782700000, 0x0000000782800000|  0%| F|  |TAMS 0x0000000782700000, 0x0000000782700000| Untracked 
|  40|0x0000000782800000, 0x0000000782800000, 0x0000000782900000|  0%| F|  |TAMS 0x0000000782800000, 0x0000000782800000| Untracked 
|  41|0x0000000782900000, 0x0000000782900000, 0x0000000782a00000|  0%| F|  |TAMS 0x0000000782900000, 0x0000000782900000| Untracked 
|  42|0x0000000782a00000, 0x0000000782a00000, 0x0000000782b00000|  0%| F|  |TAMS 0x0000000782a00000, 0x0000000782a00000| Untracked 
|  43|0x0000000782b00000, 0x0000000782b00000, 0x0000000782c00000|  0%| F|  |TAMS 0x0000000782b00000, 0x0000000782b00000| Untracked 
|  44|0x0000000782c00000, 0x0000000782c00000, 0x0000000782d00000|  0%| F|  |TAMS 0x0000000782c00000, 0x0000000782c00000| Untracked 
|  45|0x0000000782d00000, 0x0000000782d00000, 0x0000000782e00000|  0%| F|  |TAMS 0x0000000782d00000, 0x0000000782d00000| Untracked 
|  46|0x0000000782e00000, 0x0000000782e00000, 0x0000000782f00000|  0%| F|  |TAMS 0x0000000782e00000, 0x0000000782e00000| Untracked 
|  47|0x0000000782f00000, 0x0000000782f00000, 0x0000000783000000|  0%| F|  |TAMS 0x0000000782f00000, 0x0000000782f00000| Untracked 
|  48|0x0000000783000000, 0x0000000783000000, 0x0000000783100000|  0%| F|  |TAMS 0x0000000783000000, 0x0000000783000000| Untracked 
|  49|0x0000000783100000, 0x0000000783100000, 0x0000000783200000|  0%| F|  |TAMS 0x0000000783100000, 0x0000000783100000| Untracked 
|  50|0x0000000783200000, 0x0000000783200000, 0x0000000783300000|  0%| F|  |TAMS 0x0000000783200000, 0x0000000783200000| Untracked 
|  51|0x0000000783300000, 0x0000000783300000, 0x0000000783400000|  0%| F|  |TAMS 0x0000000783300000, 0x0000000783300000| Untracked 
|  52|0x0000000783400000, 0x0000000783400000, 0x0000000783500000|  0%| F|  |TAMS 0x0000000783400000, 0x0000000783400000| Untracked 
|  53|0x0000000783500000, 0x0000000783500000, 0x0000000783600000|  0%| F|  |TAMS 0x0000000783500000, 0x0000000783500000| Untracked 
|  54|0x0000000783600000, 0x0000000783600000, 0x0000000783700000|  0%| F|  |TAMS 0x0000000783600000, 0x0000000783600000| Untracked 
|  55|0x0000000783700000, 0x0000000783700000, 0x0000000783800000|  0%| F|  |TAMS 0x0000000783700000, 0x0000000783700000| Untracked 
|  56|0x0000000783800000, 0x0000000783800000, 0x0000000783900000|  0%| F|  |TAMS 0x0000000783800000, 0x0000000783800000| Untracked 
|  57|0x0000000783900000, 0x0000000783900000, 0x0000000783a00000|  0%| F|  |TAMS 0x0000000783900000, 0x0000000783900000| Untracked 
|  58|0x0000000783a00000, 0x0000000783a00000, 0x0000000783b00000|  0%| F|  |TAMS 0x0000000783a00000, 0x0000000783a00000| Untracked 
|  59|0x0000000783b00000, 0x0000000783b00000, 0x0000000783c00000|  0%| F|  |TAMS 0x0000000783b00000, 0x0000000783b00000| Untracked 
|  60|0x0000000783c00000, 0x0000000783c00000, 0x0000000783d00000|  0%| F|  |TAMS 0x0000000783c00000, 0x0000000783c00000| Untracked 
|  61|0x0000000783d00000, 0x0000000783d00000, 0x0000000783e00000|  0%| F|  |TAMS 0x0000000783d00000, 0x0000000783d00000| Untracked 
|  62|0x0000000783e00000, 0x0000000783e00000, 0x0000000783f00000|  0%| F|  |TAMS 0x0000000783e00000, 0x0000000783e00000| Untracked 
|  63|0x0000000783f00000, 0x0000000783f00000, 0x0000000784000000|  0%| F|  |TAMS 0x0000000783f00000, 0x0000000783f00000| Untracked 
|  64|0x0000000784000000, 0x0000000784000000, 0x0000000784100000|  0%| F|  |TAMS 0x0000000784000000, 0x0000000784000000| Untracked 
|  65|0x0000000784100000, 0x0000000784100000, 0x0000000784200000|  0%| F|  |TAMS 0x0000000784100000, 0x0000000784100000| Untracked 
|  66|0x0000000784200000, 0x0000000784200000, 0x0000000784300000|  0%| F|  |TAMS 0x0000000784200000, 0x0000000784200000| Untracked 
|  67|0x0000000784300000, 0x0000000784300000, 0x0000000784400000|  0%| F|  |TAMS 0x0000000784300000, 0x0000000784300000| Untracked 
|  68|0x0000000784400000, 0x0000000784400000, 0x0000000784500000|  0%| F|  |TAMS 0x0000000784400000, 0x0000000784400000| Untracked 
|  69|0x0000000784500000, 0x0000000784500000, 0x0000000784600000|  0%| F|  |TAMS 0x0000000784500000, 0x0000000784500000| Untracked 
|  70|0x0000000784600000, 0x0000000784600000, 0x0000000784700000|  0%| F|  |TAMS 0x0000000784600000, 0x0000000784600000| Untracked 
|  71|0x0000000784700000, 0x0000000784700000, 0x0000000784800000|  0%| F|  |TAMS 0x0000000784700000, 0x0000000784700000| Untracked 
|  72|0x0000000784800000, 0x0000000784800000, 0x0000000784900000|  0%| F|  |TAMS 0x0000000784800000, 0x0000000784800000| Untracked 
|  73|0x0000000784900000, 0x0000000784900000, 0x0000000784a00000|  0%| F|  |TAMS 0x0000000784900000, 0x0000000784900000| Untracked 
|  74|0x0000000784a00000, 0x0000000784a00000, 0x0000000784b00000|  0%| F|  |TAMS 0x0000000784a00000, 0x0000000784a00000| Untracked 
|  75|0x0000000784b00000, 0x0000000784b00000, 0x0000000784c00000|  0%| F|  |TAMS 0x0000000784b00000, 0x0000000784b00000| Untracked 
|  76|0x0000000784c00000, 0x0000000784c00000, 0x0000000784d00000|  0%| F|  |TAMS 0x0000000784c00000, 0x0000000784c00000| Untracked 
|  77|0x0000000784d00000, 0x0000000784d00000, 0x0000000784e00000|  0%| F|  |TAMS 0x0000000784d00000, 0x0000000784d00000| Untracked 
|  78|0x0000000784e00000, 0x0000000784e00000, 0x0000000784f00000|  0%| F|  |TAMS 0x0000000784e00000, 0x0000000784e00000| Untracked 
|  79|0x0000000784f00000, 0x0000000784f00000, 0x0000000785000000|  0%| F|  |TAMS 0x0000000784f00000, 0x0000000784f00000| Untracked 
|  80|0x0000000785000000, 0x0000000785000000, 0x0000000785100000|  0%| F|  |TAMS 0x0000000785000000, 0x0000000785000000| Untracked 
|  81|0x0000000785100000, 0x0000000785100000, 0x0000000785200000|  0%| F|  |TAMS 0x0000000785100000, 0x0000000785100000| Untracked 
|  82|0x0000000785200000, 0x0000000785200000, 0x0000000785300000|  0%| F|  |TAMS 0x0000000785200000, 0x0000000785200000| Untracked 
|  83|0x0000000785300000, 0x0000000785300000, 0x0000000785400000|  0%| F|  |TAMS 0x0000000785300000, 0x0000000785300000| Untracked 
|  84|0x0000000785400000, 0x0000000785400000, 0x0000000785500000|  0%| F|  |TAMS 0x0000000785400000, 0x0000000785400000| Untracked 
|  85|0x0000000785500000, 0x0000000785500000, 0x0000000785600000|  0%| F|  |TAMS 0x0000000785500000, 0x0000000785500000| Untracked 
|  86|0x0000000785600000, 0x0000000785600000, 0x0000000785700000|  0%| F|  |TAMS 0x0000000785600000, 0x0000000785600000| Untracked 
|  87|0x0000000785700000, 0x0000000785700000, 0x0000000785800000|  0%| F|  |TAMS 0x0000000785700000, 0x0000000785700000| Untracked 
|  88|0x0000000785800000, 0x0000000785800000, 0x0000000785900000|  0%| F|  |TAMS 0x0000000785800000, 0x0000000785800000| Untracked 
|  89|0x0000000785900000, 0x0000000785900000, 0x0000000785a00000|  0%| F|  |TAMS 0x0000000785900000, 0x0000000785900000| Untracked 
|  90|0x0000000785a00000, 0x0000000785a00000, 0x0000000785b00000|  0%| F|  |TAMS 0x0000000785a00000, 0x0000000785a00000| Untracked 
|  91|0x0000000785b00000, 0x0000000785b00000, 0x0000000785c00000|  0%| F|  |TAMS 0x0000000785b00000, 0x0000000785b00000| Untracked 
|  92|0x0000000785c00000, 0x0000000785c00000, 0x0000000785d00000|  0%| F|  |TAMS 0x0000000785c00000, 0x0000000785c00000| Untracked 
|  93|0x0000000785d00000, 0x0000000785d00000, 0x0000000785e00000|  0%| F|  |TAMS 0x0000000785d00000, 0x0000000785d00000| Untracked 
|  94|0x0000000785e00000, 0x0000000785e00000, 0x0000000785f00000|  0%| F|  |TAMS 0x0000000785e00000, 0x0000000785e00000| Untracked 
|  95|0x0000000785f00000, 0x0000000785f00000, 0x0000000786000000|  0%| F|  |TAMS 0x0000000785f00000, 0x0000000785f00000| Untracked 
|  96|0x0000000786000000, 0x0000000786000000, 0x0000000786100000|  0%| F|  |TAMS 0x0000000786000000, 0x0000000786000000| Untracked 
|  97|0x0000000786100000, 0x0000000786100000, 0x0000000786200000|  0%| F|  |TAMS 0x0000000786100000, 0x0000000786100000| Untracked 
|  98|0x0000000786200000, 0x0000000786200000, 0x0000000786300000|  0%| F|  |TAMS 0x0000000786200000, 0x0000000786200000| Untracked 
|  99|0x0000000786300000, 0x0000000786300000, 0x0000000786400000|  0%| F|  |TAMS 0x0000000786300000, 0x0000000786300000| Untracked 
| 100|0x0000000786400000, 0x0000000786400000, 0x0000000786500000|  0%| F|  |TAMS 0x0000000786400000, 0x0000000786400000| Untracked 
| 101|0x0000000786500000, 0x0000000786500000, 0x0000000786600000|  0%| F|  |TAMS 0x0000000786500000, 0x0000000786500000| Untracked 
| 102|0x0000000786600000, 0x0000000786600000, 0x0000000786700000|  0%| F|  |TAMS 0x0000000786600000, 0x0000000786600000| Untracked 
| 103|0x0000000786700000, 0x0000000786700000, 0x0000000786800000|  0%| F|  |TAMS 0x0000000786700000, 0x0000000786700000| Untracked 
| 104|0x0000000786800000, 0x0000000786800000, 0x0000000786900000|  0%| F|  |TAMS 0x0000000786800000, 0x0000000786800000| Untracked 
| 105|0x0000000786900000, 0x0000000786900000, 0x0000000786a00000|  0%| F|  |TAMS 0x0000000786900000, 0x0000000786900000| Untracked 
| 106|0x0000000786a00000, 0x0000000786a00000, 0x0000000786b00000|  0%| F|  |TAMS 0x0000000786a00000, 0x0000000786a00000| Untracked 
| 107|0x0000000786b00000, 0x0000000786b00000, 0x0000000786c00000|  0%| F|  |TAMS 0x0000000786b00000, 0x0000000786b00000| Untracked 
| 108|0x0000000786c00000, 0x0000000786c00000, 0x0000000786d00000|  0%| F|  |TAMS 0x0000000786c00000, 0x0000000786c00000| Untracked 
| 109|0x0000000786d00000, 0x0000000786d00000, 0x0000000786e00000|  0%| F|  |TAMS 0x0000000786d00000, 0x0000000786d00000| Untracked 
| 110|0x0000000786e00000, 0x0000000786e00000, 0x0000000786f00000|  0%| F|  |TAMS 0x0000000786e00000, 0x0000000786e00000| Untracked 
| 111|0x0000000786f00000, 0x0000000786f00000, 0x0000000787000000|  0%| F|  |TAMS 0x0000000786f00000, 0x0000000786f00000| Untracked 
| 112|0x0000000787000000, 0x0000000787000000, 0x0000000787100000|  0%| F|  |TAMS 0x0000000787000000, 0x0000000787000000| Untracked 
| 113|0x0000000787100000, 0x0000000787100000, 0x0000000787200000|  0%| F|  |TAMS 0x0000000787100000, 0x0000000787100000| Untracked 
| 114|0x0000000787200000, 0x0000000787200000, 0x0000000787300000|  0%| F|  |TAMS 0x0000000787200000, 0x0000000787200000| Untracked 
| 115|0x0000000787300000, 0x0000000787300000, 0x0000000787400000|  0%| F|  |TAMS 0x0000000787300000, 0x0000000787300000| Untracked 
| 116|0x0000000787400000, 0x0000000787400000, 0x0000000787500000|  0%| F|  |TAMS 0x0000000787400000, 0x0000000787400000| Untracked 
| 117|0x0000000787500000, 0x0000000787500000, 0x0000000787600000|  0%| F|  |TAMS 0x0000000787500000, 0x0000000787500000| Untracked 
| 118|0x0000000787600000, 0x0000000787600000, 0x0000000787700000|  0%| F|  |TAMS 0x0000000787600000, 0x0000000787600000| Untracked 
| 119|0x0000000787700000, 0x0000000787700000, 0x0000000787800000|  0%| F|  |TAMS 0x0000000787700000, 0x0000000787700000| Untracked 
| 120|0x0000000787800000, 0x0000000787800000, 0x0000000787900000|  0%| F|  |TAMS 0x0000000787800000, 0x0000000787800000| Untracked 
| 121|0x0000000787900000, 0x0000000787900000, 0x0000000787a00000|  0%| F|  |TAMS 0x0000000787900000, 0x0000000787900000| Untracked 
| 122|0x0000000787a00000, 0x0000000787a00000, 0x0000000787b00000|  0%| F|  |TAMS 0x0000000787a00000, 0x0000000787a00000| Untracked 
| 123|0x0000000787b00000, 0x0000000787bae180, 0x0000000787c00000| 68%| E|  |TAMS 0x0000000787b00000, 0x0000000787b00000| Complete 
| 124|0x0000000787c00000, 0x0000000787d00000, 0x0000000787d00000|100%| E|CS|TAMS 0x0000000787c00000, 0x0000000787c00000| Complete 
| 125|0x0000000787d00000, 0x0000000787e00000, 0x0000000787e00000|100%| E|CS|TAMS 0x0000000787d00000, 0x0000000787d00000| Complete 
| 126|0x0000000787e00000, 0x0000000787f00000, 0x0000000787f00000|100%| E|CS|TAMS 0x0000000787e00000, 0x0000000787e00000| Complete 
| 127|0x0000000787f00000, 0x0000000788000000, 0x0000000788000000|100%| E|CS|TAMS 0x0000000787f00000, 0x0000000787f00000| Complete 

Card table byte_map: [0x00000001271f4000,0x00000001275f4000] _byte_map_base: 0x00000001235f4000

Marking Bits (Prev, Next): (CMBitMap*) 0x00007fe8b882cc18, (CMBitMap*) 0x00007fe8b882cc50
 Prev Bits: [0x00000001279f4000, 0x00000001299f4000)
 Next Bits: [0x00000001299f4000, 0x000000012b9f4000)

Polling page: 0x000000010dc58000

Metaspace:

Usage:
  Non-class:      7.81 MB capacity,     7.76 MB (>99%) used,    49.50 KB ( <1%) free+waste,     6.38 KB ( <1%) overhead. 
      Class:    802.00 KB capacity,   762.60 KB ( 95%) used,    36.96 KB (  5%) free+waste,     2.44 KB ( <1%) overhead. 
       Both:      8.60 MB capacity,     8.50 MB ( 99%) used,    86.46 KB ( <1%) free+waste,     8.81 KB ( <1%) overhead. 

Virtual space:
  Non-class space:        8.00 MB reserved,       8.00 MB (100%) committed 
      Class space:        1.00 GB reserved,     896.00 KB ( <1%) committed 
             Both:        1.01 GB reserved,       8.88 MB ( <1%) committed 

Chunk freelists:
   Non-Class:  5.88 KB
       Class:  3.75 KB
        Both:  9.62 KB

CodeHeap 'non-profiled nmethods': size=120032Kb used=108Kb max_used=108Kb free=119923Kb
 bounds [0x000000011f7bc000, 0x000000011fa2c000, 0x0000000126cf4000]
CodeHeap 'profiled nmethods': size=120032Kb used=517Kb max_used=517Kb free=119514Kb
 bounds [0x0000000118284000, 0x00000001184f4000, 0x000000011f7bc000]
CodeHeap 'non-nmethods': size=5696Kb used=1123Kb max_used=1136Kb free=4572Kb
 bounds [0x0000000117cf4000, 0x0000000117f64000, 0x0000000118284000]
 total_blobs=820 nmethods=370 adapters=272
 compilation: enabled
              stopped_count=0, restarted_count=0
 full_count=0

Compilation events (10 events):
Event: 0.588 Thread 0x00007fe8b782d800 nmethod 366 0x0000000118302810 code [0x00000001183029e0, 0x0000000118302c08]
Event: 0.588 Thread 0x00007fe8b782d800  367   !   3       java.security.cert.Certificate::equals (38 bytes)
Event: 0.589 Thread 0x00007fe8b782d800 nmethod 367 0x0000000118302d10 code [0x0000000118302fa0, 0x0000000118303da8]
Event: 0.589 Thread 0x00007fe8b782d800  368       3       sun.security.x509.X509CertImpl::getEncodedInternal (20 bytes)
Event: 0.589 Thread 0x00007fe8b782d800 nmethod 368 0x0000000118304290 code [0x00000001183044a0, 0x0000000118304a58]
Event: 78.146 Thread 0x00007fe8b782d800  369       3       java.lang.StringUTF16::compress (50 bytes)
Event: 78.148 Thread 0x00007fe8b782d800 nmethod 369 0x0000000118304c10 code [0x0000000118304de0, 0x0000000118305070]
Event: 85.935 Thread 0x00007fe8b782d800  370       3       org.eclipse.jdt.launching.internal.org.objectweb.asm.ClassReader::readUnsignedShort (26 bytes)
Event: 85.935 Thread 0x00007fe8b782d800 nmethod 370 0x0000000118305210 code [0x00000001183053c0, 0x0000000118305570]
Event: 199.873 Thread 0x00007fe8b782d800  371       3       org.eclipse.jdt.launching.internal.org.objectweb.asm.ByteVector::putShort (52 bytes)

GC Heap History (0 events):
No events

Deoptimization events (0 events):
No events

Classes redefined (3 events):
Event: 78.148 Thread 0x00007fe8b8016000 redefined class name=com.paigeleary.handson1.HandsOn, count=1
Event: 85.937 Thread 0x00007fe8b8016000 redefined class name=com.paigeleary.handson1.HandsOn, count=2
Event: 144.876 Thread 0x00007fe8b8016000 redefined class name=com.paigeleary.handson1.HandsOn, count=3

Internal exceptions (0 events):
No events

Events (10 events):
Event: 150.557 Executing VM operation: GetCurrentContendedMonitor done
Event: 150.558 Executing VM operation: GetOwnedMonitorInfo
Event: 150.558 Executing VM operation: GetOwnedMonitorInfo done
Event: 162.146 Executing VM operation: GetCurrentContendedMonitor
Event: 162.146 Executing VM operation: GetCurrentContendedMonitor done
Event: 162.146 Executing VM operation: GetOwnedMonitorInfo
Event: 162.146 Executing VM operation: GetOwnedMonitorInfo done
Event: 164.683 Executing VM operation: ChangeBreakpoints
Event: 164.684 Executing VM operation: ChangeBreakpoints done
Event: 199.873 Executing VM operation: RedefineClasses


Dynamic libraries:
0x00007fff2bc4b000 	/System/Library/Frameworks/Cocoa.framework/Versions/A/Cocoa
0x00007fff37f08000 	/System/Library/Frameworks/Security.framework/Versions/A/Security
0x00007fff2a852000 	/System/Library/Frameworks/ApplicationServices.framework/Versions/A/ApplicationServices
0x00007fff594e9000 	/usr/lib/libz.1.dylib
0x00007fff56b5f000 	/usr/lib/libSystem.B.dylib
0x00007fff2c46e000 	/System/Library/Frameworks/CoreFoundation.framework/Versions/A/CoreFoundation
0x00007fff2e7f3000 	/System/Library/Frameworks/Foundation.framework/Versions/C/Foundation
0x00007fff58606000 	/usr/lib/libobjc.A.dylib
0x00007fff299df000 	/System/Library/Frameworks/AppKit.framework/Versions/C/AppKit
0x00007fff2bfe2000 	/System/Library/Frameworks/CoreData.framework/Versions/A/CoreData
0x00007fff4fd2e000 	/System/Library/PrivateFrameworks/RemoteViewServices.framework/Versions/A/RemoteViewServices
0x00007fff5482d000 	/System/Library/PrivateFrameworks/UIFoundation.framework/Versions/A/UIFoundation
0x00007fff55fe5000 	/System/Library/PrivateFrameworks/XCTTargetBootstrap.framework/Versions/A/XCTTargetBootstrap
0x00007fff4a833000 	/System/Library/PrivateFrameworks/IconServices.framework/Versions/A/IconServices
0x00007fff310bc000 	/System/Library/Frameworks/Metal.framework/Versions/A/Metal
0x00007fff41a36000 	/System/Library/PrivateFrameworks/DesktopServicesPriv.framework/Versions/A/DesktopServicesPriv
0x00007fff5791a000 	/usr/lib/libenergytrace.dylib
0x00007fff5259e000 	/System/Library/PrivateFrameworks/SkyLight.framework/Versions/A/SkyLight
0x00007fff2c8bd000 	/System/Library/Frameworks/CoreGraphics.framework/Versions/A/CoreGraphics
0x00007fff2879a000 	/System/Library/Frameworks/Accelerate.framework/Versions/A/Accelerate
0x00007fff2ef7c000 	/System/Library/Frameworks/IOSurface.framework/Versions/A/IOSurface
0x00007fff41898000 	/System/Library/PrivateFrameworks/DFRFoundation.framework/Versions/A/DFRFoundation
0x00007fff2ad57000 	/System/Library/Frameworks/AudioToolbox.framework/Versions/A/AudioToolbox
0x00007fff2aff6000 	/System/Library/Frameworks/AudioUnit.framework/Versions/A/AudioUnit
0x00007fff4192f000 	/System/Library/PrivateFrameworks/DataDetectorsCore.framework/Versions/A/DataDetectorsCore
0x00007fff2b735000 	/System/Library/Frameworks/Carbon.framework/Versions/A/Frameworks/HIToolbox.framework/Versions/A/HIToolbox
0x00007fff57a75000 	/usr/lib/libicucore.A.dylib
0x00007fff3745b000 	/System/Library/Frameworks/QuartzCore.framework/Versions/A/QuartzCore
0x00007fff2bb1c000 	/System/Library/Frameworks/Carbon.framework/Versions/A/Frameworks/SpeechRecognition.framework/Versions/A/SpeechRecognition
0x00007fff56cc2000 	/usr/lib/libauto.dylib
0x00007fff593dc000 	/usr/lib/libxml2.2.dylib
0x00007fff41497000 	/System/Library/PrivateFrameworks/CoreUI.framework/Versions/A/CoreUI
0x00007fff2bec0000 	/System/Library/Frameworks/CoreAudio.framework/Versions/A/CoreAudio
0x00007fff2e625000 	/System/Library/Frameworks/DiskArbitration.framework/Versions/A/DiskArbitration
0x00007fff57d25000 	/usr/lib/liblangid.dylib
0x00007fff4bce2000 	/System/Library/PrivateFrameworks/MultitouchSupport.framework/Versions/A/MultitouchSupport
0x00007fff2eee8000 	/System/Library/Frameworks/IOKit.framework/Versions/A/IOKit
0x00007fff567ad000 	/usr/lib/libDiagnosticMessagesClient.dylib
0x00007fff2d72b000 	/System/Library/Frameworks/CoreServices.framework/Versions/A/CoreServices
0x00007fff4da17000 	/System/Library/PrivateFrameworks/PerformanceAnalysis.framework/Versions/A/PerformanceAnalysis
0x00007fff365f0000 	/System/Library/Frameworks/OpenGL.framework/Versions/A/OpenGL
0x00007fff2bc59000 	/System/Library/Frameworks/ColorSync.framework/Versions/A/ColorSync
0x00007fff2cf4c000 	/System/Library/Frameworks/CoreImage.framework/Versions/A/CoreImage
0x00007fff2e16e000 	/System/Library/Frameworks/CoreText.framework/Versions/A/CoreText
0x00007fff2efdd000 	/System/Library/Frameworks/ImageIO.framework/Versions/A/ImageIO
0x00007fff3dad6000 	/System/Library/PrivateFrameworks/Backup.framework/Versions/A/Backup
0x00007fff56c15000 	/usr/lib/libarchive.2.dylib
0x00007fff2b35a000 	/System/Library/Frameworks/CFNetwork.framework/Versions/A/CFNetwork
0x00007fff386b3000 	/System/Library/Frameworks/SystemConfiguration.framework/Versions/A/SystemConfiguration
0x00007fff566d6000 	/usr/lib/libCRFSuite.dylib
0x00007fff56db9000 	/usr/lib/libc++.1.dylib
0x00007fff56e11000 	/usr/lib/libc++abi.dylib
0x00007fff5956c000 	/usr/lib/system/libcache.dylib
0x00007fff59571000 	/usr/lib/system/libcommonCrypto.dylib
0x00007fff5957c000 	/usr/lib/system/libcompiler_rt.dylib
0x00007fff59584000 	/usr/lib/system/libcopyfile.dylib
0x00007fff5958e000 	/usr/lib/system/libcorecrypto.dylib
0x00007fff59699000 	/usr/lib/system/libdispatch.dylib
0x00007fff596d4000 	/usr/lib/system/libdyld.dylib
0x00007fff59704000 	/usr/lib/system/libkeymgr.dylib
0x00007fff59712000 	/usr/lib/system/liblaunch.dylib
0x00007fff59713000 	/usr/lib/system/libmacho.dylib
0x00007fff59719000 	/usr/lib/system/libquarantine.dylib
0x00007fff5971c000 	/usr/lib/system/libremovefile.dylib
0x00007fff5971e000 	/usr/lib/system/libsystem_asl.dylib
0x00007fff59736000 	/usr/lib/system/libsystem_blocks.dylib
0x00007fff59737000 	/usr/lib/system/libsystem_c.dylib
0x00007fff597c0000 	/usr/lib/system/libsystem_configuration.dylib
0x00007fff597c4000 	/usr/lib/system/libsystem_coreservices.dylib
0x00007fff597c8000 	/usr/lib/system/libsystem_darwin.dylib
0x00007fff597cf000 	/usr/lib/system/libsystem_dnssd.dylib
0x00007fff597d6000 	/usr/lib/system/libsystem_info.dylib
0x00007fff5984c000 	/usr/lib/system/libsystem_m.dylib
0x00007fff59898000 	/usr/lib/system/libsystem_malloc.dylib
0x00007fff598bd000 	/usr/lib/system/libsystem_networkextension.dylib
0x00007fff598c9000 	/usr/lib/system/libsystem_notify.dylib
0x00007fff598e6000 	/usr/lib/system/libsystem_sandbox.dylib
0x00007fff598ea000 	/usr/lib/system/libsystem_secinit.dylib
0x00007fff59823000 	/usr/lib/system/libsystem_kernel.dylib
0x00007fff598d1000 	/usr/lib/system/libsystem_platform.dylib
0x00007fff598db000 	/usr/lib/system/libsystem_pthread.dylib
0x00007fff598ed000 	/usr/lib/system/libsystem_symptoms.dylib
0x00007fff598f5000 	/usr/lib/system/libsystem_trace.dylib
0x00007fff5990c000 	/usr/lib/system/libunwind.dylib
0x00007fff59912000 	/usr/lib/system/libxpc.dylib
0x00007fff56d99000 	/usr/lib/libbsm.0.dylib
0x00007fff59705000 	/usr/lib/system/libkxld.dylib
0x00007fff3cd83000 	/System/Library/PrivateFrameworks/AppleFSCompression.framework/Versions/A/AppleFSCompression
0x00007fff56a1e000 	/usr/lib/libOpenScriptingUtil.dylib
0x00007fff570fc000 	/usr/lib/libcoretls.dylib
0x00007fff57113000 	/usr/lib/libcoretls_cfhelpers.dylib
0x00007fff58d9f000 	/usr/lib/libpam.2.dylib
0x00007fff58f62000 	/usr/lib/libsqlite3.dylib
0x00007fff593ca000 	/usr/lib/libxar.1.dylib
0x00007fff56daa000 	/usr/lib/libbz2.1.0.dylib
0x00007fff57d27000 	/usr/lib/liblzma.5.dylib
0x00007fff5821d000 	/usr/lib/libnetwork.dylib
0x00007fff56bfe000 	/usr/lib/libapple_nghttp2.dylib
0x00007fff58da6000 	/usr/lib/libpcap.A.dylib
0x00007fff2dacf000 	/System/Library/Frameworks/CoreServices.framework/Versions/A/Frameworks/FSEvents.framework/Versions/A/FSEvents
0x00007fff2d7ab000 	/System/Library/Frameworks/CoreServices.framework/Versions/A/Frameworks/CarbonCore.framework/Versions/A/CarbonCore
0x00007fff2dca4000 	/System/Library/Frameworks/CoreServices.framework/Versions/A/Frameworks/Metadata.framework/Versions/A/Metadata
0x00007fff2dd47000 	/System/Library/Frameworks/CoreServices.framework/Versions/A/Frameworks/OSServices.framework/Versions/A/OSServices
0x00007fff2dd93000 	/System/Library/Frameworks/CoreServices.framework/Versions/A/Frameworks/SearchKit.framework/Versions/A/SearchKit
0x00007fff2d72c000 	/System/Library/Frameworks/CoreServices.framework/Versions/A/Frameworks/AE.framework/Versions/A/AE
0x00007fff2dad8000 	/System/Library/Frameworks/CoreServices.framework/Versions/A/Frameworks/LaunchServices.framework/Versions/A/LaunchServices
0x00007fff2da84000 	/System/Library/Frameworks/CoreServices.framework/Versions/A/Frameworks/DictionaryServices.framework/Versions/A/DictionaryServices
0x00007fff2de02000 	/System/Library/Frameworks/CoreServices.framework/Versions/A/Frameworks/SharedFileList.framework/Versions/A/SharedFileList
0x00007fff32581000 	/System/Library/Frameworks/NetFS.framework/Versions/A/NetFS
0x00007fff4bf7f000 	/System/Library/PrivateFrameworks/NetAuth.framework/Versions/A/NetAuth
0x00007fff56419000 	/System/Library/PrivateFrameworks/login.framework/Versions/A/Frameworks/loginsupport.framework/Versions/A/loginsupport
0x00007fff54425000 	/System/Library/PrivateFrameworks/TCC.framework/Versions/A/TCC
0x00007fff40aa1000 	/System/Library/PrivateFrameworks/CoreNLP.framework/Versions/A/CoreNLP
0x00007fff4b9d3000 	/System/Library/PrivateFrameworks/MetadataUtilities.framework/Versions/A/MetadataUtilities
0x00007fff57e08000 	/usr/lib/libmecabra.dylib
0x00007fff2a853000 	/System/Library/Frameworks/ApplicationServices.framework/Versions/A/Frameworks/ATS.framework/Versions/A/ATS
0x00007fff2abbe000 	/System/Library/Frameworks/ApplicationServices.framework/Versions/A/Frameworks/ColorSyncLegacy.framework/Versions/A/ColorSyncLegacy
0x00007fff2ac5f000 	/System/Library/Frameworks/ApplicationServices.framework/Versions/A/Frameworks/HIServices.framework/Versions/A/HIServices
0x00007fff2acb2000 	/System/Library/Frameworks/ApplicationServices.framework/Versions/A/Frameworks/LangAnalysis.framework/Versions/A/LangAnalysis
0x00007fff2acc1000 	/System/Library/Frameworks/ApplicationServices.framework/Versions/A/Frameworks/PrintCore.framework/Versions/A/PrintCore
0x00007fff2ad0e000 	/System/Library/Frameworks/ApplicationServices.framework/Versions/A/Frameworks/QD.framework/Versions/A/QD
0x00007fff2ad4a000 	/System/Library/Frameworks/ApplicationServices.framework/Versions/A/Frameworks/SpeechSynthesis.framework/Versions/A/SpeechSynthesis
0x00007fff56e39000 	/usr/lib/libcompression.dylib
0x00007fff2c384000 	/System/Library/Frameworks/CoreDisplay.framework/Versions/A/CoreDisplay
0x00007fff31384000 	/System/Library/Frameworks/MetalPerformanceShaders.framework/Versions/A/MetalPerformanceShaders
0x00007fff287b2000 	/System/Library/Frameworks/Accelerate.framework/Versions/A/Frameworks/vImage.framework/Versions/A/vImage
0x00007fff2982e000 	/System/Library/Frameworks/Accelerate.framework/Versions/A/Frameworks/vecLib.framework/Versions/A/vecLib
0x00007fff29778000 	/System/Library/Frameworks/Accelerate.framework/Versions/A/Frameworks/vecLib.framework/Versions/A/libvMisc.dylib
0x00007fff29593000 	/System/Library/Frameworks/Accelerate.framework/Versions/A/Frameworks/vecLib.framework/Versions/A/libvDSP.dylib
0x00007fff28e53000 	/System/Library/Frameworks/Accelerate.framework/Versions/A/Frameworks/vecLib.framework/Versions/A/libBLAS.dylib
0x00007fff2913e000 	/System/Library/Frameworks/Accelerate.framework/Versions/A/Frameworks/vecLib.framework/Versions/A/libLAPACK.dylib
0x00007fff294e5000 	/System/Library/Frameworks/Accelerate.framework/Versions/A/Frameworks/vecLib.framework/Versions/A/libLinearAlgebra.dylib
0x00007fff2957f000 	/System/Library/Frameworks/Accelerate.framework/Versions/A/Frameworks/vecLib.framework/Versions/A/libSparseBLAS.dylib
0x00007fff294fb000 	/System/Library/Frameworks/Accelerate.framework/Versions/A/Frameworks/vecLib.framework/Versions/A/libQuadrature.dylib
0x00007fff290cb000 	/System/Library/Frameworks/Accelerate.framework/Versions/A/Frameworks/vecLib.framework/Versions/A/libBNNS.dylib
0x00007fff29501000 	/System/Library/Frameworks/Accelerate.framework/Versions/A/Frameworks/vecLib.framework/Versions/A/libSparse.dylib
0x00007fff47fc6000 	/System/Library/PrivateFrameworks/GPUWrangler.framework/Versions/A/GPUWrangler
0x00007fff4a3fa000 	/System/Library/PrivateFrameworks/IOAccelerator.framework/Versions/A/IOAccelerator
0x00007fff4a405000 	/System/Library/PrivateFrameworks/IOPresentment.framework/Versions/A/IOPresentment
0x00007fff418a8000 	/System/Library/PrivateFrameworks/DSExternalDisplay.framework/Versions/A/DSExternalDisplay
0x00007fff35a35000 	/System/Library/Frameworks/OpenGL.framework/Versions/A/Libraries/libCoreFSCache.dylib
0x00007fff3116c000 	/System/Library/Frameworks/MetalPerformanceShaders.framework/Frameworks/MPSCore.framework/Versions/A/MPSCore
0x00007fff3118d000 	/System/Library/Frameworks/MetalPerformanceShaders.framework/Frameworks/MPSImage.framework/Versions/A/MPSImage
0x00007fff31235000 	/System/Library/Frameworks/MetalPerformanceShaders.framework/Frameworks/MPSNeuralNetwork.framework/Versions/A/MPSNeuralNetwork
0x00007fff3120c000 	/System/Library/Frameworks/MetalPerformanceShaders.framework/Frameworks/MPSMatrix.framework/Versions/A/MPSMatrix
0x00007fff31368000 	/System/Library/Frameworks/MetalPerformanceShaders.framework/Frameworks/MPSRayIntersector.framework/Versions/A/MPSRayIntersector
0x00007fff4b9fc000 	/System/Library/PrivateFrameworks/MetalTools.framework/Versions/A/MetalTools
0x00007fff3c47d000 	/System/Library/PrivateFrameworks/AggregateDictionary.framework/Versions/A/AggregateDictionary
0x00007fff569fe000 	/usr/lib/libMobileGestalt.dylib
0x00007fff2e2d4000 	/System/Library/Frameworks/CoreVideo.framework/Versions/A/CoreVideo
0x00007fff48e35000 	/System/Library/PrivateFrameworks/GraphVisualizer.framework/Versions/A/GraphVisualizer
0x00007fff42bd1000 	/System/Library/PrivateFrameworks/FaceCore.framework/Versions/A/FaceCore
0x00007fff3504d000 	/System/Library/Frameworks/OpenCL.framework/Versions/A/OpenCL
0x00007fff567e5000 	/usr/lib/libFosl_dynamic.dylib
0x00007fff4c856000 	/System/Library/PrivateFrameworks/OTSVG.framework/Versions/A/OTSVG
0x00007fff2a957000 	/System/Library/Frameworks/ApplicationServices.framework/Versions/A/Frameworks/ATS.framework/Versions/A/Resources/libFontParser.dylib
0x00007fff2aa77000 	/System/Library/Frameworks/ApplicationServices.framework/Versions/A/Frameworks/ATS.framework/Versions/A/Resources/libFontRegistry.dylib
0x00007fff2f267000 	/System/Library/Frameworks/ImageIO.framework/Versions/A/Resources/libJPEG.dylib
0x00007fff2f589000 	/System/Library/Frameworks/ImageIO.framework/Versions/A/Resources/libTIFF.dylib
0x00007fff2f55f000 	/System/Library/Frameworks/ImageIO.framework/Versions/A/Resources/libPng.dylib
0x00007fff2f17c000 	/System/Library/Frameworks/ImageIO.framework/Versions/A/Resources/libGIF.dylib
0x00007fff2f181000 	/System/Library/Frameworks/ImageIO.framework/Versions/A/Resources/libJP2.dylib
0x00007fff2f586000 	/System/Library/Frameworks/ImageIO.framework/Versions/A/Resources/libRadiance.dylib
0x00007fff3cedc000 	/System/Library/PrivateFrameworks/AppleJPEG.framework/Versions/A/AppleJPEG
0x00007fff35a40000 	/System/Library/Frameworks/OpenGL.framework/Versions/A/Libraries/libGFXShared.dylib
0x00007fff35c03000 	/System/Library/Frameworks/OpenGL.framework/Versions/A/Libraries/libGLU.dylib
0x00007fff35a49000 	/System/Library/Frameworks/OpenGL.framework/Versions/A/Libraries/libGL.dylib
0x00007fff35a55000 	/System/Library/Frameworks/OpenGL.framework/Versions/A/Libraries/libGLImage.dylib
0x00007fff35a32000 	/System/Library/Frameworks/OpenGL.framework/Versions/A/Libraries/libCVMSPluginSupport.dylib
0x00007fff35a3b000 	/System/Library/Frameworks/OpenGL.framework/Versions/A/Libraries/libCoreVMClient.dylib
0x00007fff5778b000 	/usr/lib/libcups.2.dylib
0x00007fff30681000 	/System/Library/Frameworks/Kerberos.framework/Versions/A/Kerberos
0x00007fff2ec32000 	/System/Library/Frameworks/GSS.framework/Versions/A/GSS
0x00007fff58ef6000 	/usr/lib/libresolv.9.dylib
0x00007fff57983000 	/usr/lib/libiconv.2.dylib
0x00007fff48f95000 	/System/Library/PrivateFrameworks/Heimdal.framework/Versions/A/Heimdal
0x00007fff57952000 	/usr/lib/libheimdal-asn1.dylib
0x00007fff350c3000 	/System/Library/Frameworks/OpenDirectory.framework/Versions/A/OpenDirectory
0x00007fff3f79e000 	/System/Library/PrivateFrameworks/CommonAuth.framework/Versions/A/CommonAuth
0x00007fff350a6000 	/System/Library/Frameworks/OpenDirectory.framework/Versions/A/Frameworks/CFOpenDirectory.framework/Versions/A/CFOpenDirectory
0x00007fff38231000 	/System/Library/Frameworks/SecurityFoundation.framework/Versions/A/SecurityFoundation
0x00007fff3b98e000 	/System/Library/PrivateFrameworks/APFS.framework/Versions/A/APFS
0x00007fff593c6000 	/usr/lib/libutil.dylib
0x00007fff56e27000 	/usr/lib/libcharset.1.dylib
0x00007fff3d178000 	/System/Library/PrivateFrameworks/AppleSauce.framework/Versions/A/AppleSauce
0x00007fff3d306000 	/System/Library/PrivateFrameworks/AssertionServices.framework/Versions/A/AssertionServices
0x00007fff3db79000 	/System/Library/PrivateFrameworks/BaseBoard.framework/Versions/A/BaseBoard
0x00007fff57d57000 	/usr/lib/libmecab.1.0.0.dylib
0x00007fff5794c000 	/usr/lib/libgermantok.dylib
0x00007fff56bea000 	/usr/lib/libThaiTokenizer.dylib
0x00007fff56711000 	/usr/lib/libChineseTokenizer.dylib
0x00007fff4ab30000 	/System/Library/PrivateFrameworks/LanguageModeling.framework/Versions/A/LanguageModeling
0x00007fff404b7000 	/System/Library/PrivateFrameworks/CoreEmoji.framework/Versions/A/CoreEmoji
0x00007fff4ac28000 	/System/Library/PrivateFrameworks/Lexicon.framework/Versions/A/Lexicon
0x00007fff4ac70000 	/System/Library/PrivateFrameworks/LinguisticData.framework/Versions/A/LinguisticData
0x00007fff56e28000 	/usr/lib/libcmph.dylib
0x00007fff382f2000 	/System/Library/Frameworks/ServiceManagement.framework/Versions/A/ServiceManagement
0x00007fff3dacc000 	/System/Library/PrivateFrameworks/BackgroundTaskManagement.framework/Versions/A/BackgroundTaskManagement
0x00007fff594c0000 	/usr/lib/libxslt.1.dylib
0x00007fff2ba47000 	/System/Library/Frameworks/Carbon.framework/Versions/A/Frameworks/Ink.framework/Versions/A/Ink
0x00007fff546a5000 	/System/Library/PrivateFrameworks/TextureIO.framework/Versions/A/TextureIO
0x00007fff56c3f000 	/usr/lib/libate.dylib
0x00007fff41804000 	/System/Library/PrivateFrameworks/CrashReporterSupport.framework/Versions/A/CrashReporterSupport
0x00007fff516c6000 	/System/Library/PrivateFrameworks/Sharing.framework/Versions/A/Sharing
0x00007fff3d658000 	/System/Library/PrivateFrameworks/AuthKit.framework/Versions/A/AuthKit
0x00007fff3ca7b000 	/System/Library/PrivateFrameworks/Apple80211.framework/Versions/A/Apple80211
0x00007fff415c4000 	/System/Library/PrivateFrameworks/CoreUtils.framework/Versions/A/CoreUtils
0x00007fff2e312000 	/System/Library/Frameworks/CoreWLAN.framework/Versions/A/CoreWLAN
0x00007fff2ed7c000 	/System/Library/Frameworks/IOBluetooth.framework/Versions/A/IOBluetooth
0x00007fff4f9e5000 	/System/Library/PrivateFrameworks/ProtocolBuffer.framework/Versions/A/ProtocolBuffer
0x00007fff4bc39000 	/System/Library/PrivateFrameworks/MobileKeyBag.framework/Versions/A/MobileKeyBag
0x00007fff40ddc000 	/System/Library/PrivateFrameworks/CorePhoneNumbers.framework/Versions/A/CorePhoneNumbers
0x00007fff3ce90000 	/System/Library/PrivateFrameworks/AppleIDAuthSupport.framework/Versions/A/AppleIDAuthSupport
0x00007fff4ab02000 	/System/Library/PrivateFrameworks/KeychainCircle.framework/Versions/A/KeychainCircle
0x00007fff4fbb2000 	/System/Library/PrivateFrameworks/ROCKit.framework/Versions/A/ROCKit
0x00007fff417a0000 	/System/Library/PrivateFrameworks/CoreWiFi.framework/Versions/A/CoreWiFi
0x00007fff2bfb6000 	/System/Library/Frameworks/CoreBluetooth.framework/Versions/A/CoreBluetooth
0x00007fff419f4000 	/System/Library/PrivateFrameworks/DebugSymbols.framework/Versions/A/DebugSymbols
0x00007fff41379000 	/System/Library/PrivateFrameworks/CoreSymbolication.framework/Versions/A/CoreSymbolication
0x00007fff53e8f000 	/System/Library/PrivateFrameworks/Symbolication.framework/Versions/A/Symbolication
0x00007fff53021000 	/System/Library/PrivateFrameworks/SpeechRecognitionCore.framework/Versions/A/SpeechRecognitionCore
0x000000010e600000 	/Library/Java/JavaVirtualMachines/jdk-11.0.2.jdk/Contents/Home/lib/server/libjvm.dylib
0x000000010dc1e000 	/Library/Java/JavaVirtualMachines/jdk-11.0.2.jdk/Contents/Home/lib/libverify.dylib
0x000000010dc2a000 	/Library/Java/JavaVirtualMachines/jdk-11.0.2.jdk/Contents/Home/lib/libjava.dylib
0x000000010dc5a000 	/Library/Java/JavaVirtualMachines/jdk-11.0.2.jdk/Contents/Home/lib/libjdwp.dylib
0x000000010dc92000 	/Library/Java/JavaVirtualMachines/jdk-11.0.2.jdk/Contents/Home/lib/libinstrument.dylib
0x000000010dd2b000 	/Library/Java/JavaVirtualMachines/jdk-11.0.2.jdk/Contents/Home/lib/libzip.dylib
0x000000010dd33000 	/Library/Java/JavaVirtualMachines/jdk-11.0.2.jdk/Contents/Home/lib/libjimage.dylib
0x000000010dde1000 	/Library/Java/JavaVirtualMachines/jdk-11.0.2.jdk/Contents/Home/lib/libdt_socket.dylib
0x000000010dde7000 	/Library/Java/JavaVirtualMachines/jdk-11.0.2.jdk/Contents/Home/lib/libnio.dylib
0x000000010f8cc000 	/Library/Java/JavaVirtualMachines/jdk-11.0.2.jdk/Contents/Home/lib/./libnet.dylib


VM Arguments:
jvm_args: -agentlib:jdwp=transport=dt_socket,suspend=y,address=localhost:60890 -javaagent:/Users/paigeleary/eclipse/java-2018-12/Eclipse.app/Contents/Eclipse/configuration/org.eclipse.osgi/215/0/.cp/lib/javaagent-shaded.jar -Dfile.encoding=UTF-8 
java_command: com.paigeleary.handson1.HandsOn
java_class_path (initial): /Users/paigeleary/eclipse-workspace/L01PracticeHandsOn/bin
Launcher Type: SUN_STANDARD

[Global flags]
     intx CICompilerCount                          = 3                                         {product} {ergonomic}
     uint ConcGCThreads                            = 1                                         {product} {ergonomic}
     uint G1ConcRefinementThreads                  = 4                                         {product} {ergonomic}
   size_t G1HeapRegionSize                         = 1048576                                   {product} {ergonomic}
    uintx GCDrainStackTargetSize                   = 64                                        {product} {ergonomic}
   size_t InitialHeapSize                          = 134217728                                 {product} {ergonomic}
   size_t MarkStackSize                            = 4194304                                   {product} {ergonomic}
   size_t MaxHeapSize                              = 2147483648                                {product} {ergonomic}
   size_t MaxNewSize                               = 1287651328                                {product} {ergonomic}
   size_t MinHeapDeltaBytes                        = 1048576                                   {product} {ergonomic}
    uintx NonNMethodCodeHeapSize                   = 5830092                                {pd product} {ergonomic}
    uintx NonProfiledCodeHeapSize                  = 122914074                              {pd product} {ergonomic}
    uintx ProfiledCodeHeapSize                     = 122914074                              {pd product} {ergonomic}
    uintx ReservedCodeCacheSize                    = 251658240                              {pd product} {ergonomic}
     bool SegmentedCodeCache                       = true                                      {product} {ergonomic}
     bool UseCompressedClassPointers               = true                                 {lp64_product} {ergonomic}
     bool UseCompressedOops                        = true                                 {lp64_product} {ergonomic}
     bool UseG1GC                                  = true                                      {product} {ergonomic}

Logging:
Log output configuration:
 #0: stdout all=warning uptime,level,tags
 #1: stderr all=off uptime,level,tags

Environment Variables:
PATH=/usr/bin:/bin:/usr/sbin:/sbin
SHELL=/bin/bash

Signal Handlers:
SIGSEGV: [libjvm.dylib+0x740190], sa_mask[0]=11111111011111110111111111111111, sa_flags=SA_ONSTACK|SA_RESTART|SA_SIGINFO
SIGBUS: [libjvm.dylib+0x740190], sa_mask[0]=11111111011111110111111111111111, sa_flags=SA_RESTART|SA_SIGINFO
SIGFPE: [libjvm.dylib+0x740190], sa_mask[0]=11111111011111110111111111111111, sa_flags=SA_RESTART|SA_SIGINFO
SIGPIPE: [libjvm.dylib+0x5f2e42], sa_mask[0]=11111111011111110111111111111111, sa_flags=SA_RESTART|SA_SIGINFO
SIGXFSZ: [libjvm.dylib+0x5f2e42], sa_mask[0]=11111111011111110111111111111111, sa_flags=SA_RESTART|SA_SIGINFO
SIGILL: [libjvm.dylib+0x740190], sa_mask[0]=11111111011111110111111111111111, sa_flags=SA_RESTART|SA_SIGINFO
SIGUSR2: [libjvm.dylib+0x5f3427], sa_mask[0]=00100000000000000000000000000000, sa_flags=SA_RESTART|SA_SIGINFO
SIGHUP: [libjvm.dylib+0x5f1e83], sa_mask[0]=11111111011111110111111111111111, sa_flags=SA_RESTART|SA_SIGINFO
SIGINT: [libjvm.dylib+0x5f1e83], sa_mask[0]=11111111011111110111111111111111, sa_flags=SA_RESTART|SA_SIGINFO
SIGTERM: [libjvm.dylib+0x5f1e83], sa_mask[0]=11111111011111110111111111111111, sa_flags=SA_RESTART|SA_SIGINFO
SIGQUIT: [libjvm.dylib+0x5f1e83], sa_mask[0]=11111111011111110111111111111111, sa_flags=SA_RESTART|SA_SIGINFO


---------------  S Y S T E M  ---------------

OS:uname:Darwin 18.2.0 Darwin Kernel Version 18.2.0: Mon Nov 12 20:24:46 PST 2018; root:xnu-4903.231.4~2/RELEASE_X86_64 x86_64
rlimit: STACK 8192k, CORE 0k, NPROC 709, NOFILE 10240, AS infinity, DATA infinity, FSIZE infinity
load average:3.89 3.40 3.49

CPU:total 4 (initial active 4) (2 cores per cpu, 2 threads per core) family 6 model 61 stepping 4, cmov, cx8, fxsr, mmx, sse, sse2, sse3, ssse3, sse4.1, sse4.2, popcnt, avx, avx2, aes, clmul, erms, 3dnowpref, lzcnt, ht, tsc, tscinvbit, bmi1, bmi2, adx, fma

Memory: 4k page, physical 8388608k(24432k free)

vm_info: Java HotSpot(TM) 64-Bit Server VM (11.0.2+9-LTS) for bsd-amd64 JRE (11.0.2+9-LTS), built on Jan 18 2019 08:16:46 by "mach5one" with gcc 4.2.1 Compatible Apple LLVM 9.1.0 (clang-902.0.39.2)

END.
